<?xml version="1.0" encoding="UTF-8"?>
<testng-results skipped="0" failed="0" total="2" passed="2">
  <reporter-output>
  </reporter-output>
  <suite name="Default suite" duration-ms="33253" started-at="2019-06-24T16:43:03Z" finished-at="2019-06-24T16:43:36Z">
    <groups>
    </groups>
    <test name="Default test" duration-ms="33253" started-at="2019-06-24T16:43:03Z" finished-at="2019-06-24T16:43:36Z">
      <class name="com.Sheercover.QA.Scripts.sc_5pcKit_LightShade_90Supply_SameAsBilling">
        <test-method status="PASS" signature="Open_Site_Page()[pri:0, instance:com.Sheercover.QA.Scripts.sc_5pcKit_LightShade_90Supply_SameAsBilling@7ac7a4e4]" name="Open_Site_Page" is-config="true" duration-ms="12355" started-at="2019-06-24T09:43:03Z" finished-at="2019-06-24T09:43:15Z">
          <reporter-output>
          </reporter-output>
        </test-method> <!-- Open_Site_Page -->
        <test-method status="PASS" signature="verifyPageTitle()[pri:0, instance:com.Sheercover.QA.Scripts.sc_5pcKit_LightShade_90Supply_SameAsBilling@7ac7a4e4]" name="verifyPageTitle" is-config="true" duration-ms="30" started-at="2019-06-24T09:43:15Z" finished-at="2019-06-24T09:43:15Z">
          <reporter-output>
          </reporter-output>
        </test-method> <!-- verifyPageTitle -->
        <test-method status="PASS" signature="verifyPlaceAnOrder_5PcKit_LightShade_90Supply_SameAsBilling()[pri:0, instance:com.Sheercover.QA.Scripts.sc_5pcKit_LightShade_90Supply_SameAsBilling@7ac7a4e4]" name="verifyPlaceAnOrder_5PcKit_LightShade_90Supply_SameAsBilling" duration-ms="14981" started-at="2019-06-24T09:43:15Z" finished-at="2019-06-24T09:43:30Z">
          <reporter-output>
          </reporter-output>
        </test-method> <!-- verifyPlaceAnOrder_5PcKit_LightShade_90Supply_SameAsBilling -->
        <test-method status="PASS" signature="takescreenShot()[pri:0, instance:com.Sheercover.QA.Scripts.sc_5pcKit_LightShade_90Supply_SameAsBilling@7ac7a4e4]" name="takescreenShot" is-config="true" duration-ms="875" started-at="2019-06-24T09:43:30Z" finished-at="2019-06-24T09:43:31Z">
          <reporter-output>
          </reporter-output>
        </test-method> <!-- takescreenShot -->
        <test-method status="PASS" signature="verifyPageTitle()[pri:0, instance:com.Sheercover.QA.Scripts.sc_5pcKit_LightShade_90Supply_SameAsBilling@7ac7a4e4]" name="verifyPageTitle" is-config="true" duration-ms="7" started-at="2019-06-24T09:43:31Z" finished-at="2019-06-24T09:43:31Z">
          <reporter-output>
          </reporter-output>
        </test-method> <!-- verifyPageTitle -->
        <test-method status="PASS" signature="enter_sameAs_Billing()[pri:0, instance:com.Sheercover.QA.Scripts.sc_5pcKit_LightShade_90Supply_SameAsBilling@7ac7a4e4]" name="enter_sameAs_Billing" duration-ms="3617" started-at="2019-06-24T09:43:31Z" finished-at="2019-06-24T09:43:35Z">
          <reporter-output>
          </reporter-output>
        </test-method> <!-- enter_sameAs_Billing -->
        <test-method status="PASS" signature="takescreenShot()[pri:0, instance:com.Sheercover.QA.Scripts.sc_5pcKit_LightShade_90Supply_SameAsBilling@7ac7a4e4]" name="takescreenShot" is-config="true" duration-ms="575" started-at="2019-06-24T09:43:35Z" finished-at="2019-06-24T09:43:35Z">
          <reporter-output>
          </reporter-output>
        </test-method> <!-- takescreenShot -->
        <test-method status="PASS" signature="afterTest()[pri:0, instance:com.Sheercover.QA.Scripts.sc_5pcKit_LightShade_90Supply_SameAsBilling@7ac7a4e4]" name="afterTest" is-config="true" duration-ms="779" started-at="2019-06-24T09:43:35Z" finished-at="2019-06-24T09:43:36Z">
          <reporter-output>
          </reporter-output>
        </test-method> <!-- afterTest -->
      </class> <!-- com.Sheercover.QA.Scripts.sc_5pcKit_LightShade_90Supply_SameAsBilling -->
    </test> <!-- Default test -->
  </suite> <!-- Default suite -->
</testng-results>
