<?xml version="1.0" encoding="UTF-8"?>
<!-- Generated by org.testng.reporters.JUnitXMLReporter -->
<testsuite hostname="DESKTOP-F0GIQHM" name="Default test" tests="2" failures="0" timestamp="24 Jun 2019 16:43:36 GMT" time="33.253" errors="0">
  <testcase name="verifyPlaceAnOrder_5PcKit_LightShade_90Supply_SameAsBilling" time="14.981" classname="com.Sheercover.QA.Scripts.sc_5pcKit_LightShade_90Supply_SameAsBilling"/>
  <testcase name="enter_sameAs_Billing" time="3.617" classname="com.Sheercover.QA.Scripts.sc_5pcKit_LightShade_90Supply_SameAsBilling"/>
</testsuite> <!-- Default test -->
