<?xml version="1.0" encoding="UTF-8"?>
<testng-results skipped="0" failed="0" ignored="0" total="3" passed="3">
  <reporter-output>
  </reporter-output>
  <suite name="Default suite" duration-ms="33233" started-at="2019-06-25T04:55:36Z" finished-at="2019-06-25T04:56:09Z">
    <groups>
    </groups>
    <test name="Default test" duration-ms="33233" started-at="2019-06-25T04:55:36Z" finished-at="2019-06-25T04:56:09Z">
      <class name="dataProviderPackage.SampleTest">
        <test-method status="PASS" signature="Sc_DifferentBilling(java.lang.String, java.lang.String, java.lang.String, java.lang.String, java.lang.String, java.lang.String, java.lang.String, java.lang.String, java.lang.String, java.lang.String, java.lang.String, java.lang.String, java.lang.String, java.lang.String, java.lang.String)[pri:0, instance:dataProviderPackage.SampleTest@36d4b5c]" name="Sc_DifferentBilling" duration-ms="20844" started-at="2019-06-25T04:55:36Z" data-provider="Staging Different Billing" finished-at="2019-06-25T04:55:57Z">
          <params>
            <param index="0">
              <value>
                <![CDATA[C://Selenium//chromedriver.exe]]>
              </value>
            </param>
            <param index="1">
              <value>
                <![CDATA[staging@Staging.com]]>
              </value>
            </param>
            <param index="2">
              <value>
                <![CDATA[5625625621]]>
              </value>
            </param>
            <param index="3">
              <value>
                <![CDATA[Staging]]>
              </value>
            </param>
            <param index="4">
              <value>
                <![CDATA[Staging]]>
              </value>
            </param>
            <param index="5">
              <value>
                <![CDATA[123 anywher st]]>
              </value>
            </param>
            <param index="6">
              <value>
                <![CDATA[artesia]]>
              </value>
            </param>
            <param index="7">
              <value>
                <![CDATA[CA]]>
              </value>
            </param>
            <param index="8">
              <value>
                <![CDATA[90701]]>
              </value>
            </param>
            <param index="9">
              <value>
                <![CDATA[Staging]]>
              </value>
            </param>
            <param index="10">
              <value>
                <![CDATA[Staging]]>
              </value>
            </param>
            <param index="11">
              <value>
                <![CDATA[321 anywher st]]>
              </value>
            </param>
            <param index="12">
              <value>
                <![CDATA[cerritos]]>
              </value>
            </param>
            <param index="13">
              <value>
                <![CDATA[CA]]>
              </value>
            </param>
            <param index="14">
              <value>
                <![CDATA[90703]]>
              </value>
            </param>
          </params>
          <reporter-output>
          </reporter-output>
        </test-method> <!-- Sc_DifferentBilling -->
        <test-method status="PASS" signature="Sc_DifferentBilling(java.lang.String, java.lang.String, java.lang.String, java.lang.String, java.lang.String, java.lang.String, java.lang.String, java.lang.String, java.lang.String, java.lang.String, java.lang.String, java.lang.String, java.lang.String, java.lang.String, java.lang.String)[pri:0, instance:dataProviderPackage.SampleTest@36d4b5c]" name="Sc_DifferentBilling" duration-ms="4" started-at="2019-06-25T04:55:57Z" data-provider="Staging Different Billing" finished-at="2019-06-25T04:55:57Z">
          <params>
            <param index="0">
              <value>
                <![CDATA[C://Selenium//geckodriver.exe]]>
              </value>
            </param>
            <param index="1">
              <value>
                <![CDATA[staging@Staging.com]]>
              </value>
            </param>
            <param index="2">
              <value>
                <![CDATA[5625625621]]>
              </value>
            </param>
            <param index="3">
              <value>
                <![CDATA[Staging]]>
              </value>
            </param>
            <param index="4">
              <value>
                <![CDATA[Staging]]>
              </value>
            </param>
            <param index="5">
              <value>
                <![CDATA[123 anywher st]]>
              </value>
            </param>
            <param index="6">
              <value>
                <![CDATA[artesia]]>
              </value>
            </param>
            <param index="7">
              <value>
                <![CDATA[CA]]>
              </value>
            </param>
            <param index="8">
              <value>
                <![CDATA[90701]]>
              </value>
            </param>
            <param index="9">
              <value>
                <![CDATA[Staging]]>
              </value>
            </param>
            <param index="10">
              <value>
                <![CDATA[Staging]]>
              </value>
            </param>
            <param index="11">
              <value>
                <![CDATA[321 anywher st]]>
              </value>
            </param>
            <param index="12">
              <value>
                <![CDATA[cerritos]]>
              </value>
            </param>
            <param index="13">
              <value>
                <![CDATA[CA]]>
              </value>
            </param>
            <param index="14">
              <value>
                <![CDATA[90703]]>
              </value>
            </param>
          </params>
          <reporter-output>
          </reporter-output>
        </test-method> <!-- Sc_DifferentBilling -->
        <test-method status="PASS" signature="Sc_DifferentBilling(java.lang.String, java.lang.String, java.lang.String, java.lang.String, java.lang.String, java.lang.String, java.lang.String, java.lang.String, java.lang.String, java.lang.String, java.lang.String, java.lang.String, java.lang.String, java.lang.String, java.lang.String)[pri:0, instance:dataProviderPackage.SampleTest@36d4b5c]" name="Sc_DifferentBilling" duration-ms="12314" started-at="2019-06-25T04:55:57Z" data-provider="Staging Different Billing" finished-at="2019-06-25T04:56:09Z">
          <params>
            <param index="0">
              <value>
                <![CDATA[C://Selenium//MicrosoftWebDriver.exe]]>
              </value>
            </param>
            <param index="1">
              <value>
                <![CDATA[staging@Staging.com]]>
              </value>
            </param>
            <param index="2">
              <value>
                <![CDATA[5625625621]]>
              </value>
            </param>
            <param index="3">
              <value>
                <![CDATA[Staging]]>
              </value>
            </param>
            <param index="4">
              <value>
                <![CDATA[Staging]]>
              </value>
            </param>
            <param index="5">
              <value>
                <![CDATA[123 anywher st]]>
              </value>
            </param>
            <param index="6">
              <value>
                <![CDATA[artesia]]>
              </value>
            </param>
            <param index="7">
              <value>
                <![CDATA[CA]]>
              </value>
            </param>
            <param index="8">
              <value>
                <![CDATA[90701]]>
              </value>
            </param>
            <param index="9">
              <value>
                <![CDATA[Staging]]>
              </value>
            </param>
            <param index="10">
              <value>
                <![CDATA[Staging]]>
              </value>
            </param>
            <param index="11">
              <value>
                <![CDATA[321 anywher st]]>
              </value>
            </param>
            <param index="12">
              <value>
                <![CDATA[cerritos]]>
              </value>
            </param>
            <param index="13">
              <value>
                <![CDATA[CA]]>
              </value>
            </param>
            <param index="14">
              <value>
                <![CDATA[90703]]>
              </value>
            </param>
          </params>
          <reporter-output>
          </reporter-output>
        </test-method> <!-- Sc_DifferentBilling -->
      </class> <!-- dataProviderPackage.SampleTest -->
    </test> <!-- Default test -->
  </suite> <!-- Default suite -->
</testng-results>
